<?xml version="1.0" encoding="UTF-8"?>
<robot generator="Robot 7.1.1 (Python 3.10.11 on win32)" generated="2024-10-20T18:27:21.338560" rpa="false" schemaversion="5">
<suite id="s1" name="DragAndDropFunctionality" source="C:\Users\Lenovo\OneDrive\Documents\Projects\RFInterviewPrep\TestSuites\DragAndDropFunctionality.robot">
<test id="s1-t1" name="Test Drag And Drop Functionality" line="7">
<kw name="Start Test Environment" owner="Login" type="SETUP">
<kw name="Open Browser" owner="SeleniumLibrary">
<msg time="2024-10-20T18:27:21.621407" level="INFO">Opening browser 'chrome' to base url 'https://practice.expandtesting.com/drag-and-drop'.</msg>
<arg>${url}</arg>
<arg>${browser}</arg>
<arg>headless=${true}</arg>
<doc>Opens a new browser instance to the optional ``url``.</doc>
<status status="PASS" start="2024-10-20T18:27:21.621407" elapsed="4.591960"/>
</kw>
<kw name="Maximize Browser Window" owner="SeleniumLibrary">
<doc>Maximizes current browser window.</doc>
<status status="PASS" start="2024-10-20T18:27:26.213367" elapsed="0.060381"/>
</kw>
<arg>${url}/drag-and-drop</arg>
<status status="PASS" start="2024-10-20T18:27:21.621407" elapsed="4.652341"/>
</kw>
<kw name="Drag and Drop Element" owner="DragAndDrop">
<kw name="Drag And Drop" owner="SeleniumLibrary">
<arg>${target}</arg>
<arg>${destination}</arg>
<doc>Drags the element identified by ``locator`` into the ``target`` element.</doc>
<status status="PASS" start="2024-10-20T18:27:26.275742" elapsed="0.654377"/>
</kw>
<status status="PASS" start="2024-10-20T18:27:26.274748" elapsed="0.655371"/>
</kw>
<tag>DragAndDrop</tag>
<status status="PASS" start="2024-10-20T18:27:21.621407" elapsed="5.308712"/>
</test>
<status status="PASS" start="2024-10-20T18:27:21.338560" elapsed="5.591559"/>
</suite>
<statistics>
<total>
<stat pass="1" fail="0" skip="0">All Tests</stat>
</total>
<tag>
<stat pass="1" fail="0" skip="0">DragAndDrop</stat>
</tag>
<suite>
<stat pass="1" fail="0" skip="0" id="s1" name="DragAndDropFunctionality">DragAndDropFunctionality</stat>
</suite>
</statistics>
<errors>
</errors>
</robot>
